{"C:\\Users\\Samaya\\Desktop\\Учеба\\Netology\\JS basics\\array_buffer_converter\\src\\index.js": {"path":"C:\\Users\\Samaya\\Desktop\\Учеба\\Netology\\JS basics\\array_buffer_converter\\src\\index.js","statementMap":{"0":{"start":{"line":5,"column":8},"end":{"line":5,"column":46}},"1":{"start":{"line":10,"column":24},"end":{"line":10,"column":27}},"2":{"start":{"line":11,"column":8},"end":{"line":13,"column":9}},"3":{"start":{"line":11,"column":21},"end":{"line":11,"column":22}},"4":{"start":{"line":12,"column":12},"end":{"line":12,"column":72}},"5":{"start":{"line":14,"column":8},"end":{"line":14,"column":25}},"6":{"start":{"line":22,"column":4},"end":{"line":29,"column":13}},"7":{"start":{"line":23,"column":23},"end":{"line":23,"column":55}},"8":{"start":{"line":24,"column":27},"end":{"line":24,"column":50}},"9":{"start":{"line":25,"column":8},"end":{"line":27,"column":9}},"10":{"start":{"line":25,"column":21},"end":{"line":25,"column":22}},"11":{"start":{"line":26,"column":12},"end":{"line":26,"column":48}},"12":{"start":{"line":28,"column":8},"end":{"line":28,"column":22}}},"fnMap":{"0":{"name":"(anonymous_0)","decl":{"start":{"line":4,"column":4},"end":{"line":4,"column":5}},"loc":{"start":{"line":4,"column":17},"end":{"line":6,"column":5}},"line":4},"1":{"name":"(anonymous_1)","decl":{"start":{"line":9,"column":4},"end":{"line":9,"column":5}},"loc":{"start":{"line":9,"column":15},"end":{"line":15,"column":5}},"line":9},"2":{"name":"getBuffer","decl":{"start":{"line":21,"column":16},"end":{"line":21,"column":25}},"loc":{"start":{"line":21,"column":32},"end":{"line":30,"column":1}},"line":21},"3":{"name":"(anonymous_3)","decl":{"start":{"line":22,"column":12},"end":{"line":22,"column":13}},"loc":{"start":{"line":22,"column":21},"end":{"line":29,"column":5}},"line":22}},"branchMap":{},"s":{"0":0,"1":0,"2":0,"3":0,"4":0,"5":0,"6":0,"7":0,"8":0,"9":0,"10":0,"11":0,"12":0},"f":{"0":0,"1":0,"2":0,"3":0},"b":{},"_coverageSchema":"1a1c01bbd47fc00a2c39e90264f33305004495a9","hash":"9fa34e772c33804a8c37a53f25db85b9cbb4828a"}
}
